2026-02-27 22:52:39,124 - train_v2_5 - INFO - ============================================================
2026-02-27 22:52:39,124 - train_v2_5 - INFO - Stock Predictor V2.5 Training
2026-02-27 22:52:39,124 - train_v2_5 - INFO - ============================================================
2026-02-27 22:52:39,124 - train_v2_5 - INFO - 
============================================================
2026-02-27 22:52:39,124 - train_v2_5 - INFO - Training for Horizon: 5d, Threshold: 1.0%
2026-02-27 22:52:39,124 - train_v2_5 - INFO - ============================================================
2026-02-27 22:52:39,130 - train_v2_5 - ERROR - Error for horizon=5, threshold=0.01: 'date'
2026-02-27 22:52:39,130 - train_v2_5 - INFO - 
============================================================
2026-02-27 22:52:39,130 - train_v2_5 - INFO - Training for Horizon: 5d, Threshold: 2.5%
2026-02-27 22:52:39,130 - train_v2_5 - INFO - ============================================================
2026-02-27 22:52:39,132 - train_v2_5 - ERROR - Error for horizon=5, threshold=0.025: 'date'
2026-02-27 22:52:39,132 - train_v2_5 - INFO - 
============================================================
2026-02-27 22:52:39,132 - train_v2_5 - INFO - Training for Horizon: 5d, Threshold: 5.0%
2026-02-27 22:52:39,133 - train_v2_5 - INFO - ============================================================
2026-02-27 22:52:39,136 - train_v2_5 - ERROR - Error for horizon=5, threshold=0.05: 'date'
2026-02-27 22:52:39,136 - train_v2_5 - INFO - 
============================================================
2026-02-27 22:52:39,136 - train_v2_5 - INFO - Training for Horizon: 10d, Threshold: 1.0%
2026-02-27 22:52:39,136 - train_v2_5 - INFO - ============================================================
2026-02-27 22:52:39,139 - train_v2_5 - ERROR - Error for horizon=10, threshold=0.01: 'date'
2026-02-27 22:52:39,139 - train_v2_5 - INFO - 
============================================================
2026-02-27 22:52:39,139 - train_v2_5 - INFO - Training for Horizon: 10d, Threshold: 2.5%
2026-02-27 22:52:39,139 - train_v2_5 - INFO - ============================================================
2026-02-27 22:52:39,143 - train_v2_5 - ERROR - Error for horizon=10, threshold=0.025: 'date'
2026-02-27 22:52:39,143 - train_v2_5 - INFO - 
============================================================
2026-02-27 22:52:39,143 - train_v2_5 - INFO - Training for Horizon: 10d, Threshold: 5.0%
2026-02-27 22:52:39,143 - train_v2_5 - INFO - ============================================================
2026-02-27 22:52:39,146 - train_v2_5 - ERROR - Error for horizon=10, threshold=0.05: 'date'
2026-02-27 22:52:39,147 - train_v2_5 - INFO - 
============================================================
2026-02-27 22:52:39,147 - train_v2_5 - INFO - Training for Horizon: 20d, Threshold: 1.0%
2026-02-27 22:52:39,147 - train_v2_5 - INFO - ============================================================
2026-02-27 22:52:39,149 - train_v2_5 - ERROR - Error for horizon=20, threshold=0.01: 'date'
2026-02-27 22:52:39,149 - train_v2_5 - INFO - 
============================================================
2026-02-27 22:52:39,149 - train_v2_5 - INFO - Training for Horizon: 20d, Threshold: 2.5%
2026-02-27 22:52:39,150 - train_v2_5 - INFO - ============================================================
2026-02-27 22:52:39,153 - train_v2_5 - ERROR - Error for horizon=20, threshold=0.025: 'date'
2026-02-27 22:52:39,153 - train_v2_5 - INFO - 
============================================================
2026-02-27 22:52:39,153 - train_v2_5 - INFO - Training for Horizon: 20d, Threshold: 5.0%
2026-02-27 22:52:39,153 - train_v2_5 - INFO - ============================================================
2026-02-27 22:52:39,156 - train_v2_5 - ERROR - Error for horizon=20, threshold=0.05: 'date'
2026-02-27 22:52:39,157 - train_v2_5 - INFO - 
============================================================
2026-02-27 22:52:39,157 - train_v2_5 - INFO - Training for Horizon: 30d, Threshold: 1.0%
2026-02-27 22:52:39,157 - train_v2_5 - INFO - ============================================================
2026-02-27 22:52:39,161 - train_v2_5 - ERROR - Error for horizon=30, threshold=0.01: 'date'
2026-02-27 22:52:39,161 - train_v2_5 - INFO - 
============================================================
2026-02-27 22:52:39,161 - train_v2_5 - INFO - Training for Horizon: 30d, Threshold: 2.5%
2026-02-27 22:52:39,161 - train_v2_5 - INFO - ============================================================
2026-02-27 22:52:39,164 - train_v2_5 - ERROR - Error for horizon=30, threshold=0.025: 'date'
2026-02-27 22:52:39,164 - train_v2_5 - INFO - 
============================================================
2026-02-27 22:52:39,165 - train_v2_5 - INFO - Training for Horizon: 30d, Threshold: 5.0%
2026-02-27 22:52:39,165 - train_v2_5 - INFO - ============================================================
2026-02-27 22:52:39,168 - train_v2_5 - ERROR - Error for horizon=30, threshold=0.05: 'date'
2026-02-27 22:52:39,170 - train_v2_5 - INFO - Saved metrics for 0 models to C:\Users\stone\OneDrive\Documents\obsidian_notes\SelfProject\StockPredictor\v2.5\src\logs\training\metrics_20260227_225239.json
2026-02-27 22:52:39,170 - train_v2_5 - INFO - 
============================================================
2026-02-27 22:52:39,170 - train_v2_5 - INFO - Training Complete - Summary
2026-02-27 22:52:39,170 - train_v2_5 - INFO - ============================================================
2026-02-27 22:52:39,171 - train_v2_5 - INFO - 
Models saved to: C:\Users\stone\OneDrive\Documents\obsidian_notes\SelfProject\StockPredictor\v2.5\models\results
2026-02-27 22:52:39,171 - train_v2_5 - INFO - Logs saved to: C:\Users\stone\OneDrive\Documents\obsidian_notes\SelfProject\StockPredictor\v2.5\src\logs\training
